# JRE version: Java(TM) SE Runtime Environment (8.0_161-b12) (build 1.8.0_161-b12)
# Java VM: Java HotSpot(TM) 64-Bit Server VM (25.161-b12 mixed mode windows-amd64 compressed oops)
Heap:
 PSYoungGen      total 251904K, used 7365K [0x00000000eb300000, 0x00000000fd800000, 0x0000000100000000)
  eden space 234496K, 3% used [0x00000000eb300000,0x00000000eba317b8,0x00000000f9800000)
  from space 17408K, 0% used [0x00000000f9800000,0x00000000f9800000,0x00000000fa900000)
  to   space 18944K, 0% used [0x00000000fc580000,0x00000000fc580000,0x00000000fd800000)
 ParOldGen       total 93184K, used 29485K [0x00000000c1800000, 0x00000000c7300000, 0x00000000eb300000)
  object space 93184K, 31% used [0x00000000c1800000,0x00000000c34cb700,0x00000000c7300000)
 Metaspace       used 58242K, capacity 58763K, committed 59224K, reserved 1099776K
  class space    used 7804K, capacity 7935K, committed 8064K, reserved 1048576K
GC Heap History (10 events):
Event: 39.125 GC heap before
{Heap before GC invocations=20 (full 2):
 PSYoungGen      total 210944K, used 204241K [0x00000000eb300000, 0x00000000fa600000, 0x0000000100000000)
  eden space 198144K, 100% used [0x00000000eb300000,0x00000000f7480000,0x00000000f7480000)
  from space 12800K, 47% used [0x00000000f7480000,0x00000000f7a74570,0x00000000f8100000)
  to   space 12288K, 0% used [0x00000000f9a00000,0x00000000f9a00000,0x00000000fa600000)
 ParOldGen       total 71680K, used 25001K [0x00000000c1800000, 0x00000000c5e00000, 0x00000000eb300000)
  object space 71680K, 34% used [0x00000000c1800000,0x00000000c306a790,0x00000000c5e00000)
 Metaspace       used 46230K, capacity 46631K, committed 47192K, reserved 1089536K
  class space    used 6337K, capacity 6441K, committed 6528K, reserved 1048576K
Event: 39.134 GC heap after
Heap after GC invocations=20 (full 2):
 PSYoungGen      total 227328K, used 7273K [0x00000000eb300000, 0x00000000fa180000, 0x0000000100000000)
  eden space 219648K, 0% used [0x00000000eb300000,0x00000000eb300000,0x00000000f8980000)
  from space 7680K, 94% used [0x00000000f9a00000,0x00000000fa11a7f0,0x00000000fa180000)
  to   space 11776K, 0% used [0x00000000f8a80000,0x00000000f8a80000,0x00000000f9600000)
 ParOldGen       total 71680K, used 25009K [0x00000000c1800000, 0x00000000c5e00000, 0x00000000eb300000)
  object space 71680K, 34% used [0x00000000c1800000,0x00000000c306c790,0x00000000c5e00000)
 Metaspace       used 46230K, capacity 46631K, committed 47192K, reserved 1089536K
  class space    used 6337K, capacity 6441K, committed 6528K, reserved 1048576K
}
Event: 54.445 GC heap before
{Heap before GC invocations=21 (full 2):
 PSYoungGen      total 227328K, used 226921K [0x00000000eb300000, 0x00000000fa180000, 0x0000000100000000)
  eden space 219648K, 100% used [0x00000000eb300000,0x00000000f8980000,0x00000000f8980000)
  from space 7680K, 94% used [0x00000000f9a00000,0x00000000fa11a7f0,0x00000000fa180000)
  to   space 11776K, 0% used [0x00000000f8a80000,0x00000000f8a80000,0x00000000f9600000)
 ParOldGen       total 71680K, used 25009K [0x00000000c1800000, 0x00000000c5e00000, 0x00000000eb300000)
  object space 71680K, 34% used [0x00000000c1800000,0x00000000c306c790,0x00000000c5e00000)
 Metaspace       used 54215K, capacity 54603K, committed 55000K, reserved 1097728K
  class space    used 7307K, capacity 7407K, committed 7424K, reserved 1048576K
Event: 54.458 GC heap after
Heap after GC invocations=21 (full 2):
 PSYoungGen      total 232448K, used 10690K [0x00000000eb300000, 0x00000000fb580000, 0x0000000100000000)
  eden space 220672K, 0% used [0x00000000eb300000,0x00000000eb300000,0x00000000f8a80000)
  from space 11776K, 90% used [0x00000000f8a80000,0x00000000f94f09b0,0x00000000f9600000)
  to   space 12800K, 0% used [0x00000000fa900000,0x00000000fa900000,0x00000000fb580000)
 ParOldGen       total 71680K, used 25017K [0x00000000c1800000, 0x00000000c5e00000, 0x00000000eb300000)
  object space 71680K, 34% used [0x00000000c1800000,0x00000000c306e790,0x00000000c5e00000)
 Metaspace       used 54215K, capacity 54603K, committed 55000K, reserved 1097728K
  class space    used 7307K, capacity 7407K, committed 7424K, reserved 1048576K
}
Event: 64.890 GC heap before
{Heap before GC invocations=22 (full 2):
 PSYoungGen      total 232448K, used 231362K [0x00000000eb300000, 0x00000000fb580000, 0x0000000100000000)
  eden space 220672K, 100% used [0x00000000eb300000,0x00000000f8a80000,0x00000000f8a80000)
  from space 11776K, 90% used [0x00000000f8a80000,0x00000000f94f09b0,0x00000000f9600000)
  to   space 12800K, 0% used [0x00000000fa900000,0x00000000fa900000,0x00000000fb580000)
 ParOldGen       total 71680K, used 25017K [0x00000000c1800000, 0x00000000c5e00000, 0x00000000eb300000)
  object space 71680K, 34% used [0x00000000c1800000,0x00000000c306e790,0x00000000c5e00000)
 Metaspace       used 56968K, capacity 57421K, committed 57944K, reserved 1099776K
  class space    used 7661K, capacity 7786K, committed 7808K, reserved 1048576K
Event: 64.933 GC heap after
Heap after GC invocations=22 (full 2):
 PSYoungGen      total 247296K, used 12768K [0x00000000eb300000, 0x00000000fbe80000, 0x0000000100000000)
  eden space 234496K, 0% used [0x00000000eb300000,0x00000000eb300000,0x00000000f9800000)
  from space 12800K, 99% used [0x00000000fa900000,0x00000000fb578390,0x00000000fb580000)
  to   space 17408K, 0% used [0x00000000f9800000,0x00000000f9800000,0x00000000fa900000)
 ParOldGen       total 71680K, used 32962K [0x00000000c1800000, 0x00000000c5e00000, 0x00000000eb300000)
  object space 71680K, 45% used [0x00000000c1800000,0x00000000c3830968,0x00000000c5e00000)
 Metaspace       used 56968K, capacity 57421K, committed 57944K, reserved 1099776K
  class space    used 7661K, capacity 7786K, committed 7808K, reserved 1048576K
}
Event: 65.976 GC heap before
{Heap before GC invocations=23 (full 2):
 PSYoungGen      total 247296K, used 120214K [0x00000000eb300000, 0x00000000fbe80000, 0x0000000100000000)
  eden space 234496K, 45% used [0x00000000eb300000,0x00000000f1bed5d8,0x00000000f9800000)
  from space 12800K, 99% used [0x00000000fa900000,0x00000000fb578390,0x00000000fb580000)
  to   space 17408K, 0% used [0x00000000f9800000,0x00000000f9800000,0x00000000fa900000)
 ParOldGen       total 71680K, used 32962K [0x00000000c1800000, 0x00000000c5e00000, 0x00000000eb300000)
  object space 71680K, 45% used [0x00000000c1800000,0x00000000c3830968,0x00000000c5e00000)
 Metaspace       used 58192K, capacity 58749K, committed 58968K, reserved 1099776K
  class space    used 7801K, capacity 7954K, committed 8064K, reserved 1048576K
Event: 65.997 GC heap after
Heap after GC invocations=23 (full 2):
 PSYoungGen      total 251904K, used 14741K [0x00000000eb300000, 0x00000000fd800000, 0x0000000100000000)
  eden space 234496K, 0% used [0x00000000eb300000,0x00000000eb300000,0x00000000f9800000)
  from space 17408K, 84% used [0x00000000f9800000,0x00000000fa6655a8,0x00000000fa900000)
  to   space 18944K, 0% used [0x00000000fc580000,0x00000000fc580000,0x00000000fd800000)
 ParOldGen       total 71680K, used 32970K [0x00000000c1800000, 0x00000000c5e00000, 0x00000000eb300000)
  object space 71680K, 45% used [0x00000000c1800000,0x00000000c3832968,0x00000000c5e00000)
 Metaspace       used 58192K, capacity 58749K, committed 58968K, reserved 1099776K
  class space    used 7801K, capacity 7954K, committed 8064K, reserved 1048576K
}
Event: 65.997 GC heap before
{Heap before GC invocations=24 (full 3):
 PSYoungGen      total 251904K, used 14741K [0x00000000eb300000, 0x00000000fd800000, 0x0000000100000000)
  eden space 234496K, 0% used [0x00000000eb300000,0x00000000eb300000,0x00000000f9800000)
  from space 17408K, 84% used [0x00000000f9800000,0x00000000fa6655a8,0x00000000fa900000)
  to   space 18944K, 0% used [0x00000000fc580000,0x00000000fc580000,0x00000000fd800000)
 ParOldGen       total 71680K, used 32970K [0x00000000c1800000, 0x00000000c5e00000, 0x00000000eb300000)
  object space 71680K, 45% used [0x00000000c1800000,0x00000000c3832968,0x00000000c5e00000)
 Metaspace       used 58192K, capacity 58749K, committed 58968K, reserved 1099776K
  class space    used 7801K, capacity 7954K, committed 8064K, reserved 1048576K
Event: 66.218 GC heap after
Heap after GC invocations=24 (full 3):
 PSYoungGen      total 251904K, used 0K [0x00000000eb300000, 0x00000000fd800000, 0x0000000100000000)
  eden space 234496K, 0% used [0x00000000eb300000,0x00000000eb300000,0x00000000f9800000)
  from space 17408K, 0% used [0x00000000f9800000,0x00000000f9800000,0x00000000fa900000)
  to   space 18944K, 0% used [0x00000000fc580000,0x00000000fc580000,0x00000000fd800000)
 ParOldGen       total 93184K, used 29485K [0x00000000c1800000, 0x00000000c7300000, 0x00000000eb300000)
  object space 93184K, 31% used [0x00000000c1800000,0x00000000c34cb700,0x00000000c7300000)
 Metaspace       used 58121K, capacity 58629K, committed 58968K, reserved 1099776K
  class space    used 7790K, capacity 7934K, committed 8064K, reserved 1048576K
}

